<?xml version="1.0" encoding="UTF-8"?>
<coverage generated="1764347480648" clover="3.2.0">
  <project timestamp="1764347480648" name="All files">
    <metrics statements="83" coveredstatements="74" conditionals="32" coveredconditionals="21" methods="16" coveredmethods="13" elements="131" coveredelements="108" complexity="0" loc="83" ncloc="83" packages="4" files="7" classes="7"/>
    <package name="controllers">
      <metrics statements="16" coveredstatements="15" conditionals="3" coveredconditionals="1" methods="4" coveredmethods="3"/>
      <file name="baseController.js" path="D:\Project\TraeProject\MyMCPServer\SysTool\src\controllers\baseController.js">
        <metrics statements="3" coveredstatements="2" conditionals="3" coveredconditionals="1" methods="2" coveredmethods="1"/>
        <line num="11" count="4" type="stmt"/>
        <line num="25" count="0" type="stmt"/>
        <line num="35" count="1" type="stmt"/>
      </file>
      <file name="timeController.js" path="D:\Project\TraeProject\MyMCPServer\SysTool\src\controllers\timeController.js">
        <metrics statements="13" coveredstatements="13" conditionals="0" coveredconditionals="0" methods="2" coveredmethods="2"/>
        <line num="3" count="1" type="stmt"/>
        <line num="4" count="1" type="stmt"/>
        <line num="5" count="1" type="stmt"/>
        <line num="6" count="1" type="stmt"/>
        <line num="10" count="1" type="stmt"/>
        <line num="11" count="1" type="stmt"/>
        <line num="20" count="5" type="stmt"/>
        <line num="21" count="5" type="stmt"/>
        <line num="23" count="5" type="stmt"/>
        <line num="25" count="4" type="stmt"/>
        <line num="31" count="4" type="stmt"/>
        <line num="34" count="1" type="stmt"/>
        <line num="39" count="1" type="stmt"/>
      </file>
    </package>
    <package name="middleware">
      <metrics statements="15" coveredstatements="11" conditionals="8" coveredconditionals="2" methods="2" coveredmethods="2"/>
      <file name="errorHandler.js" path="D:\Project\TraeProject\MyMCPServer\SysTool\src\middleware\errorHandler.js">
        <metrics statements="15" coveredstatements="11" conditionals="8" coveredconditionals="2" methods="2" coveredmethods="2"/>
        <line num="3" count="3" type="stmt"/>
        <line num="7" count="11" type="stmt"/>
        <line num="8" count="11" type="stmt"/>
        <line num="9" count="11" type="stmt"/>
        <line num="10" count="11" type="stmt"/>
        <line num="14" count="3" type="stmt"/>
        <line num="16" count="1" type="stmt"/>
        <line num="25" count="1" type="cond" truecount="1" falsecount="1"/>
        <line num="26" count="0" type="stmt"/>
        <line num="30" count="1" type="cond" truecount="1" falsecount="1"/>
        <line num="31" count="1" type="stmt"/>
        <line num="41" count="0" type="cond" truecount="0" falsecount="2"/>
        <line num="42" count="0" type="stmt"/>
        <line num="52" count="0" type="stmt"/>
        <line num="61" count="3" type="stmt"/>
      </file>
    </package>
    <package name="services">
      <metrics statements="29" coveredstatements="27" conditionals="10" coveredconditionals="8" methods="5" coveredmethods="5"/>
      <file name="baseService.js" path="D:\Project\TraeProject\MyMCPServer\SysTool\src\services\baseService.js">
        <metrics statements="8" coveredstatements="8" conditionals="0" coveredconditionals="0" methods="4" coveredmethods="4"/>
        <line num="10" count="65" type="stmt"/>
        <line num="12" count="13" type="stmt"/>
        <line num="20" count="13" type="stmt"/>
        <line num="28" count="11" type="stmt"/>
        <line num="29" count="11" type="stmt"/>
        <line num="30" count="11" type="stmt"/>
        <line num="32" count="11" type="stmt"/>
        <line num="39" count="2" type="stmt"/>
      </file>
      <file name="timeService.js" path="D:\Project\TraeProject\MyMCPServer\SysTool\src\services\timeService.js">
        <metrics statements="21" coveredstatements="19" conditionals="10" coveredconditionals="8" methods="1" coveredmethods="1"/>
        <line num="3" count="2" type="stmt"/>
        <line num="4" count="2" type="stmt"/>
        <line num="5" count="2" type="stmt"/>
        <line num="6" count="2" type="stmt"/>
        <line num="15" count="13" type="stmt"/>
        <line num="17" count="13" type="stmt"/>
        <line num="20" count="13" type="cond" truecount="4" falsecount="0"/>
        <line num="21" count="4" type="stmt"/>
        <line num="24" count="13" type="stmt"/>
        <line num="26" count="10" type="stmt"/>
        <line num="28" count="10" type="stmt"/>
        <line num="30" count="10" type="cond" truecount="3" falsecount="1"/>
        <line num="32" count="6" type="stmt"/>
        <line num="34" count="2" type="stmt"/>
        <line num="36" count="2" type="stmt"/>
        <line num="39" count="0" type="stmt"/>
        <line num="46" count="3" type="stmt"/>
        <line num="48" count="3" type="cond" truecount="1" falsecount="1"/>
        <line num="49" count="3" type="stmt"/>
        <line num="52" count="0" type="stmt"/>
        <line num="61" count="2" type="stmt"/>
      </file>
    </package>
    <package name="utils">
      <metrics statements="23" coveredstatements="21" conditionals="11" coveredconditionals="10" methods="5" coveredmethods="3"/>
      <file name="errorUtils.js" path="D:\Project\TraeProject\MyMCPServer\SysTool\src\utils\errorUtils.js">
        <metrics statements="14" coveredstatements="13" conditionals="9" coveredconditionals="9" methods="5" coveredmethods="3"/>
        <line num="3" count="3" type="stmt"/>
        <line num="4" count="3" type="stmt"/>
        <line num="13" count="3" type="cond" truecount="2" falsecount="0"/>
        <line num="14" count="11" type="stmt"/>
        <line num="22" count="3" type="stmt"/>
        <line num="23" count="0" type="stmt"/>
        <line num="32" count="3" type="stmt"/>
        <line num="33" count="5" type="stmt"/>
        <line num="34" count="10" type="cond" truecount="5" falsecount="0"/>
        <line num="35" count="4" type="stmt"/>
        <line num="51" count="3" type="stmt"/>
        <line num="52" count="16" type="cond" truecount="2" falsecount="0"/>
        <line num="53" count="5" type="stmt"/>
        <line num="61" count="3" type="stmt"/>
      </file>
      <file name="logger.js" path="D:\Project\TraeProject\MyMCPServer\SysTool\src\utils\logger.js">
        <metrics statements="9" coveredstatements="8" conditionals="2" coveredconditionals="1" methods="0" coveredmethods="0"/>
        <line num="3" count="3" type="stmt"/>
        <line num="4" count="3" type="stmt"/>
        <line num="7" count="3" type="stmt"/>
        <line num="8" count="3" type="stmt"/>
        <line num="9" count="3" type="stmt"/>
        <line num="11" count="3" type="cond" truecount="1" falsecount="1"/>
        <line num="12" count="0" type="stmt"/>
        <line num="15" count="3" type="stmt"/>
        <line num="34" count="3" type="stmt"/>
      </file>
    </package>
  </project>
</coverage>
