{"D:\\Project\\TraeProject\\MyMCPServer\\SysTool\\src\\controllers\\baseController.js": {"path":"D:\\Project\\TraeProject\\MyMCPServer\\SysTool\\src\\controllers\\baseController.js","statementMap":{"0":{"start":{"line":11,"column":4},"end":{"line":14,"column":7}},"1":{"start":{"line":25,"column":4},"end":{"line":31,"column":7}},"2":{"start":{"line":35,"column":0},"end":{"line":35,"column":32}}},"fnMap":{"0":{"name":"(anonymous_0)","decl":{"start":{"line":10,"column":2},"end":{"line":10,"column":3}},"loc":{"start":{"line":10,"column":43},"end":{"line":15,"column":3}},"line":10},"1":{"name":"(anonymous_1)","decl":{"start":{"line":24,"column":2},"end":{"line":24,"column":3}},"loc":{"start":{"line":24,"column":73},"end":{"line":32,"column":3}},"line":24}},"branchMap":{"0":{"loc":{"start":{"line":10,"column":25},"end":{"line":10,"column":41}},"type":"default-arg","locations":[{"start":{"line":10,"column":38},"end":{"line":10,"column":41}}],"line":10},"1":{"loc":{"start":{"line":24,"column":26},"end":{"line":24,"column":42}},"type":"default-arg","locations":[{"start":{"line":24,"column":39},"end":{"line":24,"column":42}}],"line":24},"2":{"loc":{"start":{"line":24,"column":44},"end":{"line":24,"column":71}},"type":"default-arg","locations":[{"start":{"line":24,"column":56},"end":{"line":24,"column":71}}],"line":24}},"s":{"0":4,"1":0,"2":1},"f":{"0":4,"1":0},"b":{"0":[4],"1":[0],"2":[0]},"_coverageSchema":"1a1c01bbd47fc00a2c39e90264f33305004495a9","hash":"b0b315ab7ab51dfc4ba5098c6bee6c453e96a54d"}
,"D:\\Project\\TraeProject\\MyMCPServer\\SysTool\\src\\controllers\\timeController.js": {"path":"D:\\Project\\TraeProject\\MyMCPServer\\SysTool\\src\\controllers\\timeController.js","statementMap":{"0":{"start":{"line":3,"column":23},"end":{"line":3,"column":50}},"1":{"start":{"line":4,"column":20},"end":{"line":4,"column":54}},"2":{"start":{"line":5,"column":21},"end":{"line":5,"column":58}},"3":{"start":{"line":6,"column":15},"end":{"line":6,"column":41}},"4":{"start":{"line":10,"column":4},"end":{"line":10,"column":12}},"5":{"start":{"line":11,"column":4},"end":{"line":11,"column":41}},"6":{"start":{"line":20,"column":4},"end":{"line":35,"column":5}},"7":{"start":{"line":21,"column":25},"end":{"line":21,"column":34}},"8":{"start":{"line":23,"column":23},"end":{"line":23,"column":55}},"9":{"start":{"line":25,"column":6},"end":{"line":29,"column":9}},"10":{"start":{"line":31,"column":6},"end":{"line":31,"column":38}},"11":{"start":{"line":34,"column":6},"end":{"line":34,"column":18}},"12":{"start":{"line":39,"column":0},"end":{"line":39,"column":32}}},"fnMap":{"0":{"name":"(anonymous_0)","decl":{"start":{"line":9,"column":2},"end":{"line":9,"column":3}},"loc":{"start":{"line":9,"column":16},"end":{"line":12,"column":3}},"line":9},"1":{"name":"(anonymous_1)","decl":{"start":{"line":19,"column":2},"end":{"line":19,"column":3}},"loc":{"start":{"line":19,"column":26},"end":{"line":36,"column":3}},"line":19}},"branchMap":{},"s":{"0":1,"1":1,"2":1,"3":1,"4":1,"5":1,"6":5,"7":5,"8":5,"9":4,"10":4,"11":1,"12":1},"f":{"0":1,"1":5},"b":{},"_coverageSchema":"1a1c01bbd47fc00a2c39e90264f33305004495a9","hash":"87fdc2415aacbcffcd924d0425e0d80b13180d15"}
,"D:\\Project\\TraeProject\\MyMCPServer\\SysTool\\src\\middleware\\errorHandler.js": {"path":"D:\\Project\\TraeProject\\MyMCPServer\\SysTool\\src\\middleware\\errorHandler.js","statementMap":{"0":{"start":{"line":3,"column":15},"end":{"line":3,"column":41}},"1":{"start":{"line":7,"column":4},"end":{"line":7,"column":19}},"2":{"start":{"line":8,"column":4},"end":{"line":8,"column":38}},"3":{"start":{"line":9,"column":4},"end":{"line":9,"column":33}},"4":{"start":{"line":10,"column":4},"end":{"line":10,"column":31}},"5":{"start":{"line":14,"column":21},"end":{"line":59,"column":1}},"6":{"start":{"line":16,"column":2},"end":{"line":22,"column":5}},"7":{"start":{"line":25,"column":2},"end":{"line":27,"column":3}},"8":{"start":{"line":26,"column":4},"end":{"line":26,"column":21}},"9":{"start":{"line":30,"column":2},"end":{"line":38,"column":3}},"10":{"start":{"line":31,"column":4},"end":{"line":37,"column":7}},"11":{"start":{"line":41,"column":2},"end":{"line":49,"column":3}},"12":{"start":{"line":42,"column":4},"end":{"line":48,"column":7}},"13":{"start":{"line":52,"column":2},"end":{"line":58,"column":5}},"14":{"start":{"line":61,"column":0},"end":{"line":61,"column":44}}},"fnMap":{"0":{"name":"(anonymous_0)","decl":{"start":{"line":6,"column":2},"end":{"line":6,"column":3}},"loc":{"start":{"line":6,"column":71},"end":{"line":11,"column":3}},"line":6},"1":{"name":"(anonymous_1)","decl":{"start":{"line":14,"column":21},"end":{"line":14,"column":22}},"loc":{"start":{"line":14,"column":46},"end":{"line":59,"column":1}},"line":14}},"branchMap":{"0":{"loc":{"start":{"line":6,"column":23},"end":{"line":6,"column":39}},"type":"default-arg","locations":[{"start":{"line":6,"column":36},"end":{"line":6,"column":39}}],"line":6},"1":{"loc":{"start":{"line":6,"column":41},"end":{"line":6,"column":69}},"type":"default-arg","locations":[{"start":{"line":6,"column":53},"end":{"line":6,"column":69}}],"line":6},"2":{"loc":{"start":{"line":25,"column":2},"end":{"line":27,"column":3}},"type":"if","locations":[{"start":{"line":25,"column":2},"end":{"line":27,"column":3}},{"start":{},"end":{}}],"line":25},"3":{"loc":{"start":{"line":30,"column":2},"end":{"line":38,"column":3}},"type":"if","locations":[{"start":{"line":30,"column":2},"end":{"line":38,"column":3}},{"start":{},"end":{}}],"line":30},"4":{"loc":{"start":{"line":41,"column":2},"end":{"line":49,"column":3}},"type":"if","locations":[{"start":{"line":41,"column":2},"end":{"line":49,"column":3}},{"start":{},"end":{}}],"line":41}},"s":{"0":3,"1":11,"2":11,"3":11,"4":11,"5":3,"6":1,"7":1,"8":0,"9":1,"10":1,"11":0,"12":0,"13":0,"14":3},"f":{"0":11,"1":1},"b":{"0":[0],"1":[0],"2":[0,1],"3":[1,0],"4":[0,0]},"_coverageSchema":"1a1c01bbd47fc00a2c39e90264f33305004495a9","hash":"4f6f8ba2206b87e71f10eb50b2de962c69758b21"}
,"D:\\Project\\TraeProject\\MyMCPServer\\SysTool\\src\\services\\baseService.js": {"path":"D:\\Project\\TraeProject\\MyMCPServer\\SysTool\\src\\services\\baseService.js","statementMap":{"0":{"start":{"line":10,"column":16},"end":{"line":10,"column":53}},"1":{"start":{"line":10,"column":25},"end":{"line":10,"column":53}},"2":{"start":{"line":12,"column":4},"end":{"line":12,"column":180}},"3":{"start":{"line":20,"column":4},"end":{"line":20,"column":41}},"4":{"start":{"line":28,"column":16},"end":{"line":28,"column":26}},"5":{"start":{"line":29,"column":22},"end":{"line":29,"column":48}},"6":{"start":{"line":30,"column":22},"end":{"line":30,"column":46}},"7":{"start":{"line":32,"column":4},"end":{"line":35,"column":6}},"8":{"start":{"line":39,"column":0},"end":{"line":39,"column":29}}},"fnMap":{"0":{"name":"(anonymous_0)","decl":{"start":{"line":9,"column":2},"end":{"line":9,"column":3}},"loc":{"start":{"line":9,"column":23},"end":{"line":13,"column":3}},"line":9},"1":{"name":"(anonymous_1)","decl":{"start":{"line":10,"column":16},"end":{"line":10,"column":17}},"loc":{"start":{"line":10,"column":25},"end":{"line":10,"column":53}},"line":10},"2":{"name":"(anonymous_2)","decl":{"start":{"line":19,"column":2},"end":{"line":19,"column":3}},"loc":{"start":{"line":19,"column":24},"end":{"line":21,"column":3}},"line":19},"3":{"name":"(anonymous_3)","decl":{"start":{"line":27,"column":2},"end":{"line":27,"column":3}},"loc":{"start":{"line":27,"column":23},"end":{"line":36,"column":3}},"line":27}},"branchMap":{},"s":{"0":13,"1":65,"2":13,"3":13,"4":11,"5":11,"6":11,"7":11,"8":2},"f":{"0":13,"1":65,"2":13,"3":11},"b":{},"_coverageSchema":"1a1c01bbd47fc00a2c39e90264f33305004495a9","hash":"a5690f9dc5080a1bd06f7a2b72ac197080c7b4af"}
,"D:\\Project\\TraeProject\\MyMCPServer\\SysTool\\src\\services\\timeService.js": {"path":"D:\\Project\\TraeProject\\MyMCPServer\\SysTool\\src\\services\\timeService.js","statementMap":{"0":{"start":{"line":3,"column":20},"end":{"line":3,"column":44}},"1":{"start":{"line":4,"column":21},"end":{"line":4,"column":58}},"2":{"start":{"line":5,"column":34},"end":{"line":5,"column":64}},"3":{"start":{"line":6,"column":15},"end":{"line":6,"column":41}},"4":{"start":{"line":15,"column":4},"end":{"line":57,"column":5}},"5":{"start":{"line":17,"column":27},"end":{"line":17,"column":61}},"6":{"start":{"line":20,"column":6},"end":{"line":22,"column":7}},"7":{"start":{"line":21,"column":8},"end":{"line":21,"column":29}},"8":{"start":{"line":24,"column":6},"end":{"line":24,"column":60}},"9":{"start":{"line":26,"column":23},"end":{"line":26,"column":48}},"10":{"start":{"line":28,"column":6},"end":{"line":28,"column":79}},"11":{"start":{"line":30,"column":6},"end":{"line":44,"column":7}},"12":{"start":{"line":32,"column":10},"end":{"line":32,"column":51}},"13":{"start":{"line":34,"column":10},"end":{"line":34,"column":51}},"14":{"start":{"line":36,"column":10},"end":{"line":36,"column":26}},"15":{"start":{"line":39,"column":10},"end":{"line":43,"column":12}},"16":{"start":{"line":46,"column":6},"end":{"line":46,"column":67}},"17":{"start":{"line":48,"column":6},"end":{"line":50,"column":7}},"18":{"start":{"line":49,"column":8},"end":{"line":49,"column":20}},"19":{"start":{"line":52,"column":6},"end":{"line":56,"column":8}},"20":{"start":{"line":61,"column":0},"end":{"line":61,"column":29}}},"fnMap":{"0":{"name":"(anonymous_0)","decl":{"start":{"line":14,"column":2},"end":{"line":14,"column":3}},"loc":{"start":{"line":14,"column":18},"end":{"line":58,"column":3}},"line":14}},"branchMap":{"0":{"loc":{"start":{"line":20,"column":6},"end":{"line":22,"column":7}},"type":"if","locations":[{"start":{"line":20,"column":6},"end":{"line":22,"column":7}},{"start":{},"end":{}}],"line":20},"1":{"loc":{"start":{"line":20,"column":10},"end":{"line":20,"column":49}},"type":"binary-expr","locations":[{"start":{"line":20,"column":10},"end":{"line":20,"column":30}},{"start":{"line":20,"column":34},"end":{"line":20,"column":49}}],"line":20},"2":{"loc":{"start":{"line":30,"column":6},"end":{"line":44,"column":7}},"type":"switch","locations":[{"start":{"line":31,"column":8},"end":{"line":32,"column":51}},{"start":{"line":33,"column":8},"end":{"line":34,"column":51}},{"start":{"line":35,"column":8},"end":{"line":36,"column":26}},{"start":{"line":37,"column":8},"end":{"line":43,"column":12}}],"line":30},"3":{"loc":{"start":{"line":48,"column":6},"end":{"line":50,"column":7}},"type":"if","locations":[{"start":{"line":48,"column":6},"end":{"line":50,"column":7}},{"start":{},"end":{}}],"line":48}},"s":{"0":2,"1":2,"2":2,"3":2,"4":13,"5":13,"6":13,"7":4,"8":13,"9":10,"10":10,"11":10,"12":6,"13":2,"14":2,"15":0,"16":3,"17":3,"18":3,"19":0,"20":2},"f":{"0":13},"b":{"0":[4,9],"1":[13,10],"2":[6,2,2,0],"3":[3,0]},"_coverageSchema":"1a1c01bbd47fc00a2c39e90264f33305004495a9","hash":"289a2457bd07a43d88b40d49b648e4fe6b78ad5b"}
,"D:\\Project\\TraeProject\\MyMCPServer\\SysTool\\src\\utils\\errorUtils.js": {"path":"D:\\Project\\TraeProject\\MyMCPServer\\SysTool\\src\\utils\\errorUtils.js","statementMap":{"0":{"start":{"line":3,"column":21},"end":{"line":3,"column":58}},"1":{"start":{"line":4,"column":15},"end":{"line":4,"column":34}},"2":{"start":{"line":13,"column":20},"end":{"line":15,"column":1}},"3":{"start":{"line":14,"column":2},"end":{"line":14,"column":54}},"4":{"start":{"line":22,"column":21},"end":{"line":24,"column":1}},"5":{"start":{"line":22,"column":29},"end":{"line":24,"column":1}},"6":{"start":{"line":23,"column":2},"end":{"line":23,"column":50}},"7":{"start":{"line":32,"column":31},"end":{"line":42,"column":1}},"8":{"start":{"line":33,"column":2},"end":{"line":41,"column":3}},"9":{"start":{"line":34,"column":4},"end":{"line":40,"column":5}},"10":{"start":{"line":35,"column":6},"end":{"line":39,"column":8}},"11":{"start":{"line":51,"column":30},"end":{"line":59,"column":1}},"12":{"start":{"line":52,"column":2},"end":{"line":58,"column":3}},"13":{"start":{"line":53,"column":4},"end":{"line":57,"column":6}},"14":{"start":{"line":61,"column":0},"end":{"line":67,"column":2}}},"fnMap":{"0":{"name":"(anonymous_0)","decl":{"start":{"line":13,"column":20},"end":{"line":13,"column":21}},"loc":{"start":{"line":13,"column":80},"end":{"line":15,"column":1}},"line":13},"1":{"name":"(anonymous_1)","decl":{"start":{"line":22,"column":21},"end":{"line":22,"column":22}},"loc":{"start":{"line":22,"column":29},"end":{"line":24,"column":1}},"line":22},"2":{"name":"(anonymous_2)","decl":{"start":{"line":22,"column":29},"end":{"line":22,"column":30}},"loc":{"start":{"line":22,"column":49},"end":{"line":24,"column":1}},"line":22},"3":{"name":"(anonymous_3)","decl":{"start":{"line":32,"column":31},"end":{"line":32,"column":32}},"loc":{"start":{"line":32,"column":53},"end":{"line":42,"column":1}},"line":32},"4":{"name":"(anonymous_4)","decl":{"start":{"line":51,"column":30},"end":{"line":51,"column":31}},"loc":{"start":{"line":51,"column":57},"end":{"line":59,"column":1}},"line":51}},"branchMap":{"0":{"loc":{"start":{"line":13,"column":30},"end":{"line":13,"column":46}},"type":"default-arg","locations":[{"start":{"line":13,"column":43},"end":{"line":13,"column":46}}],"line":13},"1":{"loc":{"start":{"line":13,"column":48},"end":{"line":13,"column":75}},"type":"default-arg","locations":[{"start":{"line":13,"column":60},"end":{"line":13,"column":75}}],"line":13},"2":{"loc":{"start":{"line":34,"column":4},"end":{"line":40,"column":5}},"type":"if","locations":[{"start":{"line":34,"column":4},"end":{"line":40,"column":5}},{"start":{},"end":{}}],"line":34},"3":{"loc":{"start":{"line":34,"column":8},"end":{"line":34,"column":83}},"type":"binary-expr","locations":[{"start":{"line":34,"column":8},"end":{"line":34,"column":26}},{"start":{"line":34,"column":30},"end":{"line":34,"column":57}},{"start":{"line":34,"column":61},"end":{"line":34,"column":83}}],"line":34},"4":{"loc":{"start":{"line":52,"column":2},"end":{"line":58,"column":3}},"type":"if","locations":[{"start":{"line":52,"column":2},"end":{"line":58,"column":3}},{"start":{},"end":{}}],"line":52}},"s":{"0":3,"1":3,"2":3,"3":11,"4":3,"5":0,"6":0,"7":3,"8":5,"9":10,"10":4,"11":3,"12":16,"13":5,"14":3},"f":{"0":11,"1":0,"2":0,"3":5,"4":16},"b":{"0":[1],"1":[1],"2":[4,6],"3":[10,8,7],"4":[5,11]},"_coverageSchema":"1a1c01bbd47fc00a2c39e90264f33305004495a9","hash":"5801ee1cd53c220108d48b7d4acc502dd286f728"}
,"D:\\Project\\TraeProject\\MyMCPServer\\SysTool\\src\\utils\\logger.js": {"path":"D:\\Project\\TraeProject\\MyMCPServer\\SysTool\\src\\utils\\logger.js","statementMap":{"0":{"start":{"line":3,"column":16},"end":{"line":3,"column":34}},"1":{"start":{"line":4,"column":15},"end":{"line":4,"column":35}},"2":{"start":{"line":7,"column":11},"end":{"line":7,"column":24}},"3":{"start":{"line":8,"column":13},"end":{"line":8,"column":28}},"4":{"start":{"line":9,"column":15},"end":{"line":9,"column":48}},"5":{"start":{"line":11,"column":0},"end":{"line":13,"column":1}},"6":{"start":{"line":12,"column":2},"end":{"line":12,"column":44}},"7":{"start":{"line":15,"column":15},"end":{"line":32,"column":2}},"8":{"start":{"line":34,"column":0},"end":{"line":34,"column":24}}},"fnMap":{},"branchMap":{"0":{"loc":{"start":{"line":11,"column":0},"end":{"line":13,"column":1}},"type":"if","locations":[{"start":{"line":11,"column":0},"end":{"line":13,"column":1}},{"start":{},"end":{}}],"line":11}},"s":{"0":3,"1":3,"2":3,"3":3,"4":3,"5":3,"6":0,"7":3,"8":3},"f":{},"b":{"0":[0,3]},"_coverageSchema":"1a1c01bbd47fc00a2c39e90264f33305004495a9","hash":"873821e98be34ff4758d26a0621c737051efd53e"}
}
