TN:
SF:src\controllers\baseController.js
FN:10,(anonymous_0)
FN:24,(anonymous_1)
FNF:2
FNH:1
FNDA:4,(anonymous_0)
FNDA:0,(anonymous_1)
DA:11,4
DA:25,0
DA:35,1
LF:3
LH:2
BRDA:10,0,0,4
BRDA:24,1,0,0
BRDA:24,2,0,0
BRF:3
BRH:1
end_of_record
TN:
SF:src\controllers\timeController.js
FN:9,(anonymous_0)
FN:19,(anonymous_1)
FNF:2
FNH:2
FNDA:1,(anonymous_0)
FNDA:5,(anonymous_1)
DA:3,1
DA:4,1
DA:5,1
DA:6,1
DA:10,1
DA:11,1
DA:20,5
DA:21,5
DA:23,5
DA:25,4
DA:31,4
DA:34,1
DA:39,1
LF:13
LH:13
BRF:0
BRH:0
end_of_record
TN:
SF:src\middleware\errorHandler.js
FN:6,(anonymous_0)
FN:14,(anonymous_1)
FNF:2
FNH:2
FNDA:11,(anonymous_0)
FNDA:1,(anonymous_1)
DA:3,3
DA:7,11
DA:8,11
DA:9,11
DA:10,11
DA:14,3
DA:16,1
DA:25,1
DA:26,0
DA:30,1
DA:31,1
DA:41,0
DA:42,0
DA:52,0
DA:61,3
LF:15
LH:11
BRDA:6,0,0,0
BRDA:6,1,0,0
BRDA:25,2,0,0
BRDA:25,2,1,1
BRDA:30,3,0,1
BRDA:30,3,1,0
BRDA:41,4,0,0
BRDA:41,4,1,0
BRF:8
BRH:2
end_of_record
TN:
SF:src\services\baseService.js
FN:9,(anonymous_0)
FN:10,(anonymous_1)
FN:19,(anonymous_2)
FN:27,(anonymous_3)
FNF:4
FNH:4
FNDA:13,(anonymous_0)
FNDA:65,(anonymous_1)
FNDA:13,(anonymous_2)
FNDA:11,(anonymous_3)
DA:10,65
DA:12,13
DA:20,13
DA:28,11
DA:29,11
DA:30,11
DA:32,11
DA:39,2
LF:8
LH:8
BRF:0
BRH:0
end_of_record
TN:
SF:src\services\timeService.js
FN:14,(anonymous_0)
FNF:1
FNH:1
FNDA:13,(anonymous_0)
DA:3,2
DA:4,2
DA:5,2
DA:6,2
DA:15,13
DA:17,13
DA:20,13
DA:21,4
DA:24,13
DA:26,10
DA:28,10
DA:30,10
DA:32,6
DA:34,2
DA:36,2
DA:39,0
DA:46,3
DA:48,3
DA:49,3
DA:52,0
DA:61,2
LF:21
LH:19
BRDA:20,0,0,4
BRDA:20,0,1,9
BRDA:20,1,0,13
BRDA:20,1,1,10
BRDA:30,2,0,6
BRDA:30,2,1,2
BRDA:30,2,2,2
BRDA:30,2,3,0
BRDA:48,3,0,3
BRDA:48,3,1,0
BRF:10
BRH:8
end_of_record
TN:
SF:src\utils\errorUtils.js
FN:13,(anonymous_0)
FN:22,(anonymous_1)
FN:22,(anonymous_2)
FN:32,(anonymous_3)
FN:51,(anonymous_4)
FNF:5
FNH:3
FNDA:11,(anonymous_0)
FNDA:0,(anonymous_1)
FNDA:0,(anonymous_2)
FNDA:5,(anonymous_3)
FNDA:16,(anonymous_4)
DA:3,3
DA:4,3
DA:13,3
DA:14,11
DA:22,3
DA:23,0
DA:32,3
DA:33,5
DA:34,10
DA:35,4
DA:51,3
DA:52,16
DA:53,5
DA:61,3
LF:14
LH:13
BRDA:13,0,0,1
BRDA:13,1,0,1
BRDA:34,2,0,4
BRDA:34,2,1,6
BRDA:34,3,0,10
BRDA:34,3,1,8
BRDA:34,3,2,7
BRDA:52,4,0,5
BRDA:52,4,1,11
BRF:9
BRH:9
end_of_record
TN:
SF:src\utils\logger.js
FNF:0
FNH:0
DA:3,3
DA:4,3
DA:7,3
DA:8,3
DA:9,3
DA:11,3
DA:12,0
DA:15,3
DA:34,3
LF:9
LH:8
BRDA:11,0,0,0
BRDA:11,0,1,3
BRF:2
BRH:1
end_of_record
